<?xml version="1.0" encoding="UTF-8"?>
<!-- Generated by org.testng.reporters.JUnitXMLReporter -->
<testsuite ignored="3" hostname="HP" failures="0" tests="3" name="Default test" time="8.433" errors="0" timestamp="2025-08-18T12:10:21 IST">
  <testcase classname="testscript.LoginPageTest" name="verifyUserCanAbleToLoginInCorrectUsernameAndPassword" time="0.506"/>
  <testcase classname="testscript.LoginPageTest" name="verifyUserCanAbleToLoginInCorrectUsernameAndPassword" time="0.462"/>
  <testcase classname="testscript.LoginPageTest" name="verifyUserCanAbleToLoginInCorrectUsernameAndPassword" time="0.46"/>
  <testcase classname="testscript.LoginPageTest" name="verifyUserCanAbleToLoginCorrectUsernameAndPassword" time="0.0">
    <ignored/>
  </testcase> <!-- verifyUserCanAbleToLoginCorrectUsernameAndPassword -->
  <testcase classname="testscript.LoginPageTest" name="verifyUserCanAbleToLoginCorrectUsernameAndInCorrectPassword" time="0.0">
    <ignored/>
  </testcase> <!-- verifyUserCanAbleToLoginCorrectUsernameAndInCorrectPassword -->
  <testcase classname="testscript.LoginPageTest" name="verifyUserCanAbleToLoginInCorrectUsernameAndCorrectPassword" time="0.0">
    <ignored/>
  </testcase> <!-- verifyUserCanAbleToLoginInCorrectUsernameAndCorrectPassword -->
</testsuite> <!-- Default test -->
