<?xml version="1.0" encoding="UTF-8"?>
<!-- Generated by org.testng.reporters.JUnitXMLReporter -->
<testsuite ignored="3" hostname="HP" failures="0" tests="3" name="Test" time="9.479" errors="0" timestamp="2025-08-15T20:39:52 IST">
  <testcase classname="testscript.LoginPageTest" name="verifyUserCanAbleToLoginCorrectUsernameAndPassword" time="0.328"/>
  <testcase classname="testscript.AdminUserTest" name="adminUserMethods" time="1.361"/>
  <testcase classname="testscript.HomePageTest" name="logoutMethods" time="0.916"/>
  <testcase classname="testscript.LoginPageTest" name="verifyUserCanAbleToLoginInCorrectUsernameAndCorrectPassword" time="0.0">
    <ignored/>
  </testcase> <!-- verifyUserCanAbleToLoginInCorrectUsernameAndCorrectPassword -->
  <testcase classname="testscript.LoginPageTest" name="verifyUserCanAbleToLoginInCorrectUsernameAndPassword" time="0.0">
    <ignored/>
  </testcase> <!-- verifyUserCanAbleToLoginInCorrectUsernameAndPassword -->
  <testcase classname="testscript.LoginPageTest" name="verifyUserCanAbleToLoginCorrectUsernameAndInCorrectPassword" time="0.0">
    <ignored/>
  </testcase> <!-- verifyUserCanAbleToLoginCorrectUsernameAndInCorrectPassword -->
</testsuite> <!-- Test -->
