<?xml version="1.0" encoding="UTF-8"?>
<testng-results ignored="0" total="3" passed="3" failed="0" skipped="0">
  <reporter-output>
  </reporter-output>
  <suite started-at="2025-08-18T12:45:26 IST" name="Suite" finished-at="2025-08-18T12:45:37 IST" duration-ms="11645">
    <groups>
    </groups>
    <test started-at="2025-08-18T12:45:26 IST" name="Test" finished-at="2025-08-18T12:45:37 IST" duration-ms="11645">
      <class name="testscript.HomePageTest">
        <test-method is-config="true" signature="beforeMethod()[pri:0, instance:testscript.HomePageTest@385c9627]" started-at="2025-08-18T12:45:34 IST" name="beforeMethod" finished-at="2025-08-18T12:45:36 IST" duration-ms="2182" status="PASS">
          <reporter-output>
          </reporter-output>
        </test-method> <!-- beforeMethod -->
        <test-method signature="logoutMethods(java.lang.String,java.lang.String)[pri:0, instance:testscript.HomePageTest@385c9627]" started-at="2025-08-18T12:45:36 IST" name="logoutMethods" finished-at="2025-08-18T12:45:37 IST" duration-ms="1068" status="PASS">
          <params>
            <param index="0">
              <value>
                <![CDATA[admin]]>
              </value>
            </param>
            <param index="1">
              <value>
                <![CDATA[admin]]>
              </value>
            </param>
          </params>
          <reporter-output>
          </reporter-output>
        </test-method> <!-- logoutMethods -->
        <test-method is-config="true" signature="afterMethod()[pri:0, instance:testscript.HomePageTest@385c9627]" started-at="2025-08-18T12:45:37 IST" name="afterMethod" finished-at="2025-08-18T12:45:37 IST" duration-ms="222" status="PASS">
          <reporter-output>
          </reporter-output>
        </test-method> <!-- afterMethod -->
      </class> <!-- testscript.HomePageTest -->
      <class name="testscript.AdminUserTest">
        <test-method is-config="true" signature="beforeMethod()[pri:0, instance:testscript.AdminUserTest@6989da5e]" started-at="2025-08-18T12:45:30 IST" name="beforeMethod" finished-at="2025-08-18T12:45:32 IST" duration-ms="2223" status="PASS">
          <reporter-output>
          </reporter-output>
        </test-method> <!-- beforeMethod -->
        <test-method signature="adminUserMethods(java.lang.String,java.lang.String,java.lang.String,java.lang.String)[pri:0, instance:testscript.AdminUserTest@6989da5e]" started-at="2025-08-18T12:45:32 IST" name="adminUserMethods" finished-at="2025-08-18T12:45:33 IST" duration-ms="1593" status="PASS">
          <params>
            <param index="0">
              <value>
                <![CDATA[admin]]>
              </value>
            </param>
            <param index="1">
              <value>
                <![CDATA[admin]]>
              </value>
            </param>
            <param index="2">
              <value>
                <![CDATA[ttttt]]>
              </value>
            </param>
            <param index="3">
              <value>
                <![CDATA[1234]]>
              </value>
            </param>
          </params>
          <reporter-output>
          </reporter-output>
        </test-method> <!-- adminUserMethods -->
        <test-method is-config="true" signature="afterMethod()[pri:0, instance:testscript.AdminUserTest@6989da5e]" started-at="2025-08-18T12:45:33 IST" name="afterMethod" finished-at="2025-08-18T12:45:34 IST" duration-ms="231" status="PASS">
          <reporter-output>
          </reporter-output>
        </test-method> <!-- afterMethod -->
      </class> <!-- testscript.AdminUserTest -->
      <class name="testscript.LoginPageTest">
        <test-method is-config="true" signature="beforeMethod()[pri:0, instance:testscript.LoginPageTest@1bb5a082]" started-at="2025-08-18T12:45:26 IST" name="beforeMethod" finished-at="2025-08-18T12:45:29 IST" duration-ms="3064" status="PASS">
          <reporter-output>
          </reporter-output>
        </test-method> <!-- beforeMethod -->
        <test-method signature="verifyUserCanAbleToLoginCorrectUsernameAndPassword(java.lang.String,java.lang.String)[pri:0, instance:testscript.LoginPageTest@1bb5a082]" started-at="2025-08-18T12:45:29 IST" name="verifyUserCanAbleToLoginCorrectUsernameAndPassword" finished-at="2025-08-18T12:45:29 IST" duration-ms="726" status="PASS">
          <params>
            <param index="0">
              <value>
                <![CDATA[admin]]>
              </value>
            </param>
            <param index="1">
              <value>
                <![CDATA[admin]]>
              </value>
            </param>
          </params>
          <reporter-output>
          </reporter-output>
        </test-method> <!-- verifyUserCanAbleToLoginCorrectUsernameAndPassword -->
        <test-method is-config="true" signature="afterMethod()[pri:0, instance:testscript.LoginPageTest@1bb5a082]" started-at="2025-08-18T12:45:29 IST" name="afterMethod" finished-at="2025-08-18T12:45:30 IST" duration-ms="276" status="PASS">
          <reporter-output>
          </reporter-output>
        </test-method> <!-- afterMethod -->
      </class> <!-- testscript.LoginPageTest -->
    </test> <!-- Test -->
  </suite> <!-- Suite -->
</testng-results>
